<?xml version="1.0" encoding="UTF-8"?>
<!-- Generated by org.testng.reporters.JUnitReportReporter -->
<testsuite skipped="0" hostname="edu10-PC" name="testng.NewTest" tests="2" failures="0" timestamp="22 Jun 2018 10:15:49 GMT" time="0.015" errors="0">
  <testcase name="f" time="0.015" classname="testng.NewTest"/>
  <testcase name="g" time="0.000" classname="testng.NewTest"/>
</testsuite> <!-- testng.NewTest -->
